<?xml version="1.0" encoding="UTF-8"?>
<!-- Generated by org.testng.reporters.JUnitXMLReporter -->
<testsuite hostname="DESKTOP-4LIHDFC" failures="0" tests="1" name="Test" time="6.719" errors="0" timestamp="23 Oct 2023 16:31:07 GMT">
  <testcase classname="stepDefinition.Verificiation_CICD" name="@BeforeClass open_browser" time="0.0">
    <failure type="java.lang.NullPointerException">
      <![CDATA[java.lang.NullPointerException
	at stepDefinition.BaseTest.open_browser(BaseTest.java:40)
... Removed 28 stack frames]]>
    </failure>
  </testcase> <!-- @BeforeClass open_browser -->
  <testcase classname="stepDefinition.Verificiation_CICD" name="@AfterClass close_browser" time="0.0">
    <skipped/>
  </testcase> <!-- @AfterClass close_browser -->
  <testcase classname="stepDefinition.Verificiation_CICD" name="utilisateur_est_sur_la_page_d_acceuil" time="0.0">
    <skipped/>
  </testcase> <!-- utilisateur_est_sur_la_page_d_acceuil -->
</testsuite> <!-- Test -->
